#
# There is insufficient memory for the Java Runtime Environment to continue.
# Native memory allocation (malloc) failed to allocate 1054096 bytes for Chunk::new
# Possible reasons:
#   The system is out of physical RAM or swap space
#   The process is running with CompressedOops enabled, and the Java Heap may be blocking the growth of the native heap
# Possible solutions:
#   Reduce memory load on the system
#   Increase physical memory or swap space
#   Check if swap backing store is full
#   Decrease Java heap size (-Xmx/-Xms)
#   Decrease number of Java threads
#   Decrease Java thread stack sizes (-Xss)
#   Set larger code cache with -XX:ReservedCodeCacheSize=
#   JVM is running with Unscaled Compressed Oops mode in which the Java heap is
#     placed in the first 4GB address space. The Java Heap base address is the
#     maximum limit for the native heap growth. Please use -XX:HeapBaseMinAddress
#     to set the Java Heap base and to place the Java Heap above 4GB virtual address.
# This output file may be truncated or incomplete.
#
#  Out of Memory Error (./src/hotspot/share/memory/arena.cpp:197), pid=19668, tid=10828
#
# JRE version: OpenJDK Runtime Environment (11.0.11+9) (build 11.0.11+9-b60-7590822)
# Java VM: OpenJDK 64-Bit Server VM (11.0.11+9-b60-7590822, mixed mode, tiered, compressed oops, g1 gc, windows-amd64)
# No core dump will be written. Minidumps are not enabled by default on client versions of Windows
#

---------------  S U M M A R Y ------------

Command Line: --add-opens=java.base/java.util=ALL-UNNAMED --add-opens=java.base/java.lang=ALL-UNNAMED --add-opens=java.base/java.lang.invoke=ALL-UNNAMED --add-opens=java.base/java.util=ALL-UNNAMED --add-opens=java.prefs/java.util.prefs=ALL-UNNAMED --add-opens=java.prefs/java.util.prefs=ALL-UNNAMED --add-opens=java.base/java.nio.charset=ALL-UNNAMED --add-opens=java.base/java.net=ALL-UNNAMED --add-opens=java.base/java.util.concurrent.atomic=ALL-UNNAMED -Xmx2048m -Dfile.encoding=UTF-8 -Duser.country=US -Duser.language=en -Duser.variant org.gradle.launcher.daemon.bootstrap.GradleDaemon 7.2

Host: Intel(R) Core(TM) i7-6600U CPU @ 2.60GHz, 4 cores, 7G,  Windows 10 , 64 bit Build 19041 (10.0.19041.1645)
Time: Wed May  4 17:55:49 2022 India Standard Time elapsed time: 12.628617 seconds (0d 0h 0m 12s)

---------------  T H R E A D  ---------------

Current thread (0x000001ba9b6fe800):  JavaThread "C2 CompilerThread0" daemon [_thread_in_native, id=10828, stack(0x000000758f100000,0x000000758f200000)]


Current CompileTask:
C2:  12628 2619       4       jdk.internal.loader.URLClassPath::getResource (74 bytes)

Stack: [0x000000758f100000,0x000000758f200000]
Native frames: (J=compiled Java code, j=interpreted, Vv=VM code, C=native code)
V  [jvm.dll+0x5f214a]
V  [jvm.dll+0x726fb5]
V  [jvm.dll+0x7285cd]
V  [jvm.dll+0x728c83]
V  [jvm.dll+0x243278]
V  [jvm.dll+0xbc53c]
V  [jvm.dll+0xbca3c]
V  [jvm.dll+0x2b5c34]
V  [jvm.dll+0x508488]
V  [jvm.dll+0x203d53]
V  [jvm.dll+0x1fdbac]
V  [jvm.dll+0x1fb35f]
V  [jvm.dll+0x183d6c]
V  [jvm.dll+0x209a57]
V  [jvm.dll+0x2082a1]
V  [jvm.dll+0x6ef58f]
V  [jvm.dll+0x6e80b5]
V  [jvm.dll+0x5f1036]
C  [ucrtbase.dll+0x21bb2]
C  [KERNEL32.DLL+0x17034]
C  [ntdll.dll+0x52651]


---------------  P R O C E S S  ---------------

Threads class SMR info:
_java_thread_list=0x000001ba9e9f9910, length=31, elements={
0x000001baff40a000, 0x000001ba9b6db000, 0x000001ba9b6de800, 0x000001ba9b6f5800,
0x000001ba9b6f8000, 0x000001ba9b6f9000, 0x000001ba9b6fe800, 0x000001ba9b73d800,
0x000001ba9c0b9800, 0x000001ba9c1bc800, 0x000001ba9eb80000, 0x000001ba9dec8800,
0x000001ba9de4e000, 0x000001ba9c12d800, 0x000001ba9de40800, 0x000001ba9f607800,
0x000001ba9f608000, 0x000001ba9d132800, 0x000001ba9d7b1000, 0x000001ba9e538000,
0x000001ba9e533000, 0x000001ba9e532000, 0x000001ba9e536000, 0x000001ba9e534800,
0x000001ba9e535800, 0x000001ba9e538800, 0x000001ba9e537000, 0x000001ba9e534000,
0x000001ba9d60b800, 0x000001ba9d610000, 0x000001ba9f4ab800
}

Java Threads: ( => current thread )
  0x000001baff40a000 JavaThread "main" [_thread_blocked, id=20468, stack(0x000000758e500000,0x000000758e600000)]
  0x000001ba9b6db000 JavaThread "Reference Handler" daemon [_thread_blocked, id=15228, stack(0x000000758ec00000,0x000000758ed00000)]
  0x000001ba9b6de800 JavaThread "Finalizer" daemon [_thread_blocked, id=21496, stack(0x000000758ed00000,0x000000758ee00000)]
  0x000001ba9b6f5800 JavaThread "Signal Dispatcher" daemon [_thread_blocked, id=12436, stack(0x000000758ee00000,0x000000758ef00000)]
  0x000001ba9b6f8000 JavaThread "Attach Listener" daemon [_thread_blocked, id=14364, stack(0x000000758ef00000,0x000000758f000000)]
  0x000001ba9b6f9000 JavaThread "Service Thread" daemon [_thread_blocked, id=1664, stack(0x000000758f000000,0x000000758f100000)]
=>0x000001ba9b6fe800 JavaThread "C2 CompilerThread0" daemon [_thread_in_native, id=10828, stack(0x000000758f100000,0x000000758f200000)]
  0x000001ba9b73d800 JavaThread "C1 CompilerThread0" daemon [_thread_blocked, id=8236, stack(0x000000758f200000,0x000000758f300000)]
  0x000001ba9c0b9800 JavaThread "Sweeper thread" daemon [_thread_blocked, id=3336, stack(0x000000758f300000,0x000000758f400000)]
  0x000001ba9c1bc800 JavaThread "Common-Cleaner" daemon [_thread_blocked, id=19896, stack(0x000000758f400000,0x000000758f500000)]
  0x000001ba9eb80000 JavaThread "Daemon health stats" [_thread_blocked, id=22684, stack(0x000000758f800000,0x000000758f900000)]
  0x000001ba9dec8800 JavaThread "Incoming local TCP Connector on port 59056" [_thread_in_native, id=21800, stack(0x000000758f700000,0x000000758f800000)]
  0x000001ba9de4e000 JavaThread "Daemon periodic checks" [_thread_blocked, id=3572, stack(0x000000758f900000,0x000000758fa00000)]
  0x000001ba9c12d800 JavaThread "Daemon" [_thread_blocked, id=19488, stack(0x000000758fa00000,0x000000758fb00000)]
  0x000001ba9de40800 JavaThread "Handler for socket connection from /127.0.0.1:59056 to /127.0.0.1:59057" [_thread_in_native, id=12748, stack(0x000000758fb00000,0x000000758fc00000)]
  0x000001ba9f607800 JavaThread "Cancel handler" [_thread_blocked, id=14120, stack(0x000000758fc00000,0x000000758fd00000)]
  0x000001ba9f608000 JavaThread "Daemon worker" [_thread_blocked, id=19492, stack(0x000000758fd00000,0x000000758fe00000)]
  0x000001ba9d132800 JavaThread "Asynchronous log dispatcher for DefaultDaemonConnection: socket connection from /127.0.0.1:59056 to /127.0.0.1:59057" [_thread_blocked, id=5484, stack(0x000000758fe00000,0x000000758ff00000)]
  0x000001ba9d7b1000 JavaThread "Stdin handler" [_thread_blocked, id=16788, stack(0x000000758ff00000,0x0000007590000000)]
  0x000001ba9e538000 JavaThread "Daemon client event forwarder" [_thread_blocked, id=14316, stack(0x0000007590000000,0x0000007590100000)]
  0x000001ba9e533000 JavaThread "Cache worker for journal cache (C:\Users\EBarrow\.gradle\caches\journal-1)" [_thread_blocked, id=22504, stack(0x0000007590300000,0x0000007590400000)]
  0x000001ba9e532000 JavaThread "File lock request listener" [_thread_in_native, id=12292, stack(0x0000007590400000,0x0000007590500000)]
  0x000001ba9e536000 JavaThread "Cache worker for file hash cache (C:\Users\EBarrow\.gradle\caches\7.2\fileHashes)" [_thread_blocked, id=6596, stack(0x0000007590500000,0x0000007590600000)]
  0x000001ba9e534800 JavaThread "Cache worker for file hash cache (C:\Users\EBarrow\AndroidStudioProjects\StudentToDo\.gradle\7.2\fileHashes)" [_thread_blocked, id=20020, stack(0x0000007590600000,0x0000007590700000)]
  0x000001ba9e535800 JavaThread "File watcher server" daemon [_thread_in_native, id=13952, stack(0x0000007590800000,0x0000007590900000)]
  0x000001ba9e538800 JavaThread "File watcher consumer" daemon [_thread_blocked, id=8736, stack(0x0000007590900000,0x0000007590a00000)]
  0x000001ba9e537000 JavaThread "Cache worker for checksums cache (C:\Users\EBarrow\AndroidStudioProjects\StudentToDo\.gradle\checksums)" [_thread_blocked, id=8488, stack(0x0000007590700000,0x0000007590800000)]
  0x000001ba9e534000 JavaThread "Cache worker for cache directory md-supplier (C:\Users\EBarrow\.gradle\caches\7.2\md-supplier)" [_thread_blocked, id=4296, stack(0x0000007590a00000,0x0000007590b00000)]
  0x000001ba9d60b800 JavaThread "Cache worker for cache directory md-rule (C:\Users\EBarrow\.gradle\caches\7.2\md-rule)" [_thread_blocked, id=12916, stack(0x0000007590b00000,0x0000007590c00000)]
  0x000001ba9d610000 JavaThread "Cache worker for execution history cache (C:\Users\EBarrow\.gradle\caches\7.2\executionHistory)" [_thread_blocked, id=7840, stack(0x0000007590d00000,0x0000007590e00000)]
  0x000001ba9f4ab800 JavaThread "C2 CompilerThread1" daemon [_thread_in_native, id=21332, stack(0x0000007590c00000,0x0000007590d00000)]

Other Threads:
  0x000001ba9b6d4800 VMThread "VM Thread" [stack: 0x000000758eb00000,0x000000758ec00000] [id=20228]
  0x000001ba9c20a000 WatcherThread [stack: 0x000000758f500000,0x000000758f600000] [id=16436]
  0x000001baff422800 GCTaskThread "GC Thread#0" [stack: 0x000000758e600000,0x000000758e700000] [id=20424]
  0x000001ba9c3e8800 GCTaskThread "GC Thread#1" [stack: 0x000000758f600000,0x000000758f700000] [id=17632]
  0x000001ba9e531000 GCTaskThread "GC Thread#2" [stack: 0x0000007590100000,0x0000007590200000] [id=22256]
  0x000001ba9e3d0800 GCTaskThread "GC Thread#3" [stack: 0x0000007590200000,0x0000007590300000] [id=4356]
  0x000001baff452800 ConcurrentGCThread "G1 Main Marker" [stack: 0x000000758e700000,0x000000758e800000] [id=15468]
  0x000001baff454000 ConcurrentGCThread "G1 Conc#0" [stack: 0x000000758e800000,0x000000758e900000] [id=17972]
  0x000001baff4d3000 ConcurrentGCThread "G1 Refine#0" [stack: 0x000000758e900000,0x000000758ea00000] [id=15000]
  0x000001baff4d4000 ConcurrentGCThread "G1 Young RemSet Sampling" [stack: 0x000000758ea00000,0x000000758eb00000] [id=16628]

Threads with active compile tasks:
C2 CompilerThread0  12698 2619       4       jdk.internal.loader.URLClassPath::getResource (74 bytes)
C2 CompilerThread1  12698 2616  s!   4       jdk.internal.loader.URLClassPath::getLoader (194 bytes)

VM state:at safepoint (normal execution)

VM Mutex/Monitor currently owned by a thread:  ([mutex/lock_event])
[0x000001baff406580] Threads_lock - owner thread: 0x000001ba9b6d4800
[0x000001baff406610] Heap_lock - owner thread: 0x000001ba9f608000

Heap address: 0x0000000080000000, size: 2048 MB, Compressed Oops mode: 32-bit
Narrow klass base: 0x0000000000000000, Narrow klass shift: 3
Compressed class space size: 1073741824 Address: 0x0000000100000000

Heap:
 garbage-first heap   total 147456K, used 21765K [0x0000000080000000, 0x0000000100000000)
  region size 1024K, 6 young (6144K), 6 survivors (6144K)
 Metaspace       used 32210K, capacity 32890K, committed 33024K, reserved 1087488K
  class space    used 4251K, capacity 4534K, committed 4608K, reserved 1048576K
Heap Regions: E=young(eden), S=young(survivor), O=old, HS=humongous(starts), HC=humongous(continues), CS=collection set, F=free, A=archive, TAMS=top-at-mark-start (previous, next)
|   0|0x0000000080000000, 0x0000000080100000, 0x0000000080100000|100%| O|  |TAMS 0x0000000080100000, 0x0000000080100000| Untracked 
|   1|0x0000000080100000, 0x0000000080200000, 0x0000000080200000|100%| O|  |TAMS 0x0000000080200000, 0x0000000080200000| Untracked 
|   2|0x0000000080200000, 0x0000000080300000, 0x0000000080300000|100%| O|  |TAMS 0x0000000080300000, 0x0000000080300000| Untracked 
|   3|0x0000000080300000, 0x0000000080400000, 0x0000000080400000|100%|HS|  |TAMS 0x0000000080400000, 0x0000000080400000| Complete 
|   4|0x0000000080400000, 0x0000000080500000, 0x0000000080500000|100%|HC|  |TAMS 0x0000000080500000, 0x0000000080500000| Complete 
|   5|0x0000000080500000, 0x0000000080600000, 0x0000000080600000|100%|HC|  |TAMS 0x0000000080600000, 0x0000000080600000| Complete 
|   6|0x0000000080600000, 0x0000000080700000, 0x0000000080700000|100%| O|  |TAMS 0x0000000080700000, 0x0000000080700000| Untracked 
|   7|0x0000000080700000, 0x0000000080800000, 0x0000000080800000|100%| O|  |TAMS 0x0000000080800000, 0x0000000080800000| Untracked 
|   8|0x0000000080800000, 0x0000000080900000, 0x0000000080900000|100%| O|  |TAMS 0x0000000080900000, 0x0000000080900000| Untracked 
|   9|0x0000000080900000, 0x0000000080a00000, 0x0000000080a00000|100%| O|  |TAMS 0x0000000080a00000, 0x0000000080a00000| Untracked 
|  10|0x0000000080a00000, 0x0000000080b00000, 0x0000000080b00000|100%| O|  |TAMS 0x0000000080b00000, 0x0000000080b00000| Untracked 
|  11|0x0000000080b00000, 0x0000000080c00000, 0x0000000080c00000|100%| O|  |TAMS 0x0000000080c00000, 0x0000000080c00000| Untracked 
|  12|0x0000000080c00000, 0x0000000080d00000, 0x0000000080d00000|100%| O|  |TAMS 0x0000000080d00000, 0x0000000080d00000| Untracked 
|  13|0x0000000080d00000, 0x0000000080e00000, 0x0000000080e00000|100%| O|  |TAMS 0x0000000080d47c00, 0x0000000080e00000| Untracked 
|  14|0x0000000080e00000, 0x0000000080f00000, 0x0000000080f00000|100%| O|  |TAMS 0x0000000080e00000, 0x0000000080f00000| Untracked 
|  15|0x0000000080f00000, 0x0000000081000000, 0x0000000081000000|100%| O|  |TAMS 0x0000000080f00000, 0x0000000081000000| Untracked 
|  16|0x0000000081000000, 0x000000008101cc00, 0x0000000081100000| 11%| O|  |TAMS 0x0000000081000000, 0x000000008101cc00| Untracked 
|  17|0x0000000081100000, 0x0000000081100000, 0x0000000081200000|  0%| F|  |TAMS 0x0000000081100000, 0x0000000081100000| Untracked 
|  18|0x0000000081200000, 0x0000000081200000, 0x0000000081300000|  0%| F|  |TAMS 0x0000000081200000, 0x0000000081200000| Untracked 
|  19|0x0000000081300000, 0x0000000081300000, 0x0000000081400000|  0%| F|  |TAMS 0x0000000081300000, 0x0000000081300000| Untracked 
|  20|0x0000000081400000, 0x0000000081400000, 0x0000000081500000|  0%| F|  |TAMS 0x0000000081400000, 0x0000000081400000| Untracked 
|  21|0x0000000081500000, 0x0000000081500000, 0x0000000081600000|  0%| F|  |TAMS 0x0000000081500000, 0x0000000081500000| Untracked 
|  22|0x0000000081600000, 0x0000000081600000, 0x0000000081700000|  0%| F|  |TAMS 0x0000000081600000, 0x0000000081600000| Untracked 
|  23|0x0000000081700000, 0x0000000081700000, 0x0000000081800000|  0%| F|  |TAMS 0x0000000081700000, 0x0000000081700000| Untracked 
|  24|0x0000000081800000, 0x0000000081800000, 0x0000000081900000|  0%| F|  |TAMS 0x0000000081800000, 0x0000000081800000| Untracked 
|  25|0x0000000081900000, 0x0000000081900000, 0x0000000081a00000|  0%| F|  |TAMS 0x0000000081900000, 0x0000000081900000| Untracked 
|  26|0x0000000081a00000, 0x0000000081a00000, 0x0000000081b00000|  0%| F|  |TAMS 0x0000000081a00000, 0x0000000081a00000| Untracked 
|  27|0x0000000081b00000, 0x0000000081b00000, 0x0000000081c00000|  0%| F|  |TAMS 0x0000000081b00000, 0x0000000081b00000| Untracked 
|  28|0x0000000081c00000, 0x0000000081c00000, 0x0000000081d00000|  0%| F|  |TAMS 0x0000000081c00000, 0x0000000081c00000| Untracked 
|  29|0x0000000081d00000, 0x0000000081d00000, 0x0000000081e00000|  0%| F|  |TAMS 0x0000000081d00000, 0x0000000081d00000| Untracked 
|  30|0x0000000081e00000, 0x0000000081e00000, 0x0000000081f00000|  0%| F|  |TAMS 0x0000000081e00000, 0x0000000081e00000| Untracked 
|  31|0x0000000081f00000, 0x0000000081f00000, 0x0000000082000000|  0%| F|  |TAMS 0x0000000081f00000, 0x0000000081f00000| Untracked 
|  32|0x0000000082000000, 0x0000000082000000, 0x0000000082100000|  0%| F|  |TAMS 0x0000000082000000, 0x0000000082000000| Untracked 
|  33|0x0000000082100000, 0x0000000082100000, 0x0000000082200000|  0%| F|  |TAMS 0x0000000082100000, 0x0000000082100000| Untracked 
|  34|0x0000000082200000, 0x0000000082200000, 0x0000000082300000|  0%| F|  |TAMS 0x0000000082200000, 0x0000000082200000| Untracked 
|  35|0x0000000082300000, 0x0000000082300000, 0x0000000082400000|  0%| F|  |TAMS 0x0000000082300000, 0x0000000082300000| Untracked 
|  36|0x0000000082400000, 0x0000000082400000, 0x0000000082500000|  0%| F|  |TAMS 0x0000000082400000, 0x0000000082400000| Untracked 
|  37|0x0000000082500000, 0x0000000082500000, 0x0000000082600000|  0%| F|  |TAMS 0x0000000082500000, 0x0000000082500000| Untracked 
|  38|0x0000000082600000, 0x0000000082600000, 0x0000000082700000|  0%| F|  |TAMS 0x0000000082600000, 0x0000000082600000| Untracked 
|  39|0x0000000082700000, 0x0000000082700000, 0x0000000082800000|  0%| F|  |TAMS 0x0000000082700000, 0x0000000082700000| Untracked 
|  40|0x0000000082800000, 0x0000000082800000, 0x0000000082900000|  0%| F|  |TAMS 0x0000000082800000, 0x0000000082800000| Untracked 
|  41|0x0000000082900000, 0x0000000082900000, 0x0000000082a00000|  0%| F|  |TAMS 0x0000000082900000, 0x0000000082900000| Untracked 
|  42|0x0000000082a00000, 0x0000000082a00000, 0x0000000082b00000|  0%| F|  |TAMS 0x0000000082a00000, 0x0000000082a00000| Untracked 
|  43|0x0000000082b00000, 0x0000000082b00000, 0x0000000082c00000|  0%| F|  |TAMS 0x0000000082b00000, 0x0000000082b00000| Untracked 
|  44|0x0000000082c00000, 0x0000000082c00000, 0x0000000082d00000|  0%| F|  |TAMS 0x0000000082c00000, 0x0000000082c00000| Untracked 
|  45|0x0000000082d00000, 0x0000000082d00000, 0x0000000082e00000|  0%| F|  |TAMS 0x0000000082d00000, 0x0000000082d00000| Untracked 
|  46|0x0000000082e00000, 0x0000000082e00000, 0x0000000082f00000|  0%| F|  |TAMS 0x0000000082e00000, 0x0000000082e00000| Untracked 
|  47|0x0000000082f00000, 0x0000000082f00000, 0x0000000083000000|  0%| F|  |TAMS 0x0000000082f00000, 0x0000000082f00000| Untracked 
|  48|0x0000000083000000, 0x0000000083000000, 0x0000000083100000|  0%| F|  |TAMS 0x0000000083000000, 0x0000000083000000| Untracked 
|  49|0x0000000083100000, 0x0000000083100000, 0x0000000083200000|  0%| F|  |TAMS 0x0000000083100000, 0x0000000083100000| Untracked 
|  50|0x0000000083200000, 0x0000000083200000, 0x0000000083300000|  0%| F|  |TAMS 0x0000000083200000, 0x0000000083200000| Untracked 
|  51|0x0000000083300000, 0x0000000083300000, 0x0000000083400000|  0%| F|  |TAMS 0x0000000083300000, 0x0000000083300000| Untracked 
|  52|0x0000000083400000, 0x0000000083400000, 0x0000000083500000|  0%| F|  |TAMS 0x0000000083400000, 0x0000000083400000| Untracked 
|  53|0x0000000083500000, 0x0000000083500000, 0x0000000083600000|  0%| F|  |TAMS 0x0000000083500000, 0x0000000083500000| Untracked 
|  54|0x0000000083600000, 0x0000000083600000, 0x0000000083700000|  0%| F|  |TAMS 0x0000000083600000, 0x0000000083600000| Untracked 
|  55|0x0000000083700000, 0x0000000083700000, 0x0000000083800000|  0%| F|  |TAMS 0x0000000083700000, 0x0000000083700000| Untracked 
|  56|0x0000000083800000, 0x0000000083800000, 0x0000000083900000|  0%| F|  |TAMS 0x0000000083800000, 0x0000000083800000| Untracked 
|  57|0x0000000083900000, 0x0000000083900000, 0x0000000083a00000|  0%| F|  |TAMS 0x0000000083900000, 0x0000000083900000| Untracked 
|  58|0x0000000083a00000, 0x0000000083a00000, 0x0000000083b00000|  0%| F|  |TAMS 0x0000000083a00000, 0x0000000083a00000| Untracked 
|  59|0x0000000083b00000, 0x0000000083b00000, 0x0000000083c00000|  0%| F|  |TAMS 0x0000000083b00000, 0x0000000083b00000| Untracked 
|  60|0x0000000083c00000, 0x0000000083c00000, 0x0000000083d00000|  0%| F|  |TAMS 0x0000000083c00000, 0x0000000083c00000| Untracked 
|  61|0x0000000083d00000, 0x0000000083d00000, 0x0000000083e00000|  0%| F|  |TAMS 0x0000000083d00000, 0x0000000083d00000| Untracked 
|  62|0x0000000083e00000, 0x0000000083e00000, 0x0000000083f00000|  0%| F|  |TAMS 0x0000000083e00000, 0x0000000083e00000| Untracked 
|  63|0x0000000083f00000, 0x0000000083f00000, 0x0000000084000000|  0%| F|  |TAMS 0x0000000083f00000, 0x0000000083f00000| Untracked 
|  64|0x0000000084000000, 0x0000000084000000, 0x0000000084100000|  0%| F|  |TAMS 0x0000000084000000, 0x0000000084000000| Untracked 
|  65|0x0000000084100000, 0x0000000084100000, 0x0000000084200000|  0%| F|  |TAMS 0x0000000084100000, 0x0000000084100000| Untracked 
|  66|0x0000000084200000, 0x0000000084200000, 0x0000000084300000|  0%| F|  |TAMS 0x0000000084200000, 0x0000000084200000| Untracked 
|  67|0x0000000084300000, 0x0000000084300000, 0x0000000084400000|  0%| F|  |TAMS 0x0000000084300000, 0x0000000084300000| Untracked 
|  68|0x0000000084400000, 0x0000000084400000, 0x0000000084500000|  0%| F|  |TAMS 0x0000000084400000, 0x0000000084400000| Untracked 
|  69|0x0000000084500000, 0x0000000084500000, 0x0000000084600000|  0%| F|  |TAMS 0x0000000084500000, 0x0000000084500000| Untracked 
|  70|0x0000000084600000, 0x0000000084600000, 0x0000000084700000|  0%| F|  |TAMS 0x0000000084600000, 0x0000000084600000| Untracked 
|  71|0x0000000084700000, 0x0000000084700000, 0x0000000084800000|  0%| F|  |TAMS 0x0000000084700000, 0x0000000084700000| Untracked 
|  72|0x0000000084800000, 0x0000000084800000, 0x0000000084900000|  0%| F|  |TAMS 0x0000000084800000, 0x0000000084800000| Untracked 
|  73|0x0000000084900000, 0x0000000084900000, 0x0000000084a00000|  0%| F|  |TAMS 0x0000000084900000, 0x0000000084900000| Untracked 
|  74|0x0000000084a00000, 0x0000000084a00000, 0x0000000084b00000|  0%| F|  |TAMS 0x0000000084a00000, 0x0000000084a00000| Untracked 
|  75|0x0000000084b00000, 0x0000000084b00000, 0x0000000084c00000|  0%| F|  |TAMS 0x0000000084b00000, 0x0000000084b00000| Untracked 
|  76|0x0000000084c00000, 0x0000000084c00000, 0x0000000084d00000|  0%| F|  |TAMS 0x0000000084c00000, 0x0000000084c00000| Untracked 
|  77|0x0000000084d00000, 0x0000000084d00000, 0x0000000084e00000|  0%| F|  |TAMS 0x0000000084d00000, 0x0000000084d00000| Untracked 
|  78|0x0000000084e00000, 0x0000000084e00000, 0x0000000084f00000|  0%| F|  |TAMS 0x0000000084e00000, 0x0000000084e00000| Untracked 
|  79|0x0000000084f00000, 0x0000000084f00000, 0x0000000085000000|  0%| F|  |TAMS 0x0000000084f00000, 0x0000000084f00000| Untracked 
|  80|0x0000000085000000, 0x0000000085000000, 0x0000000085100000|  0%| F|  |TAMS 0x0000000085000000, 0x0000000085000000| Untracked 
|  81|0x0000000085100000, 0x0000000085100000, 0x0000000085200000|  0%| F|  |TAMS 0x0000000085100000, 0x0000000085100000| Untracked 
|  82|0x0000000085200000, 0x0000000085200000, 0x0000000085300000|  0%| F|  |TAMS 0x0000000085200000, 0x0000000085200000| Untracked 
|  83|0x0000000085300000, 0x0000000085324958, 0x0000000085400000| 14%| S|CS|TAMS 0x0000000085300000, 0x0000000085300000| Complete 
|  84|0x0000000085400000, 0x0000000085500000, 0x0000000085500000|100%| S|CS|TAMS 0x0000000085400000, 0x0000000085400000| Complete 
|  85|0x0000000085500000, 0x0000000085600000, 0x0000000085600000|100%| S|CS|TAMS 0x0000000085500000, 0x0000000085500000| Complete 
|  86|0x0000000085600000, 0x0000000085700000, 0x0000000085700000|100%| S|CS|TAMS 0x0000000085600000, 0x0000000085600000| Complete 
|  87|0x0000000085700000, 0x0000000085700000, 0x0000000085800000|  0%| F|  |TAMS 0x0000000085700000, 0x0000000085700000| Untracked 
|  88|0x0000000085800000, 0x0000000085800000, 0x0000000085900000|  0%| F|  |TAMS 0x0000000085800000, 0x0000000085800000| Untracked 
|  89|0x0000000085900000, 0x0000000085900000, 0x0000000085a00000|  0%| F|  |TAMS 0x0000000085900000, 0x0000000085900000| Untracked 
|  90|0x0000000085a00000, 0x0000000085b00000, 0x0000000085b00000|100%| S|CS|TAMS 0x0000000085a00000, 0x0000000085a00000| Complete 
|  91|0x0000000085b00000, 0x0000000085c00000, 0x0000000085c00000|100%| S|CS|TAMS 0x0000000085b00000, 0x0000000085b00000| Complete 
|  92|0x0000000085c00000, 0x0000000085c00000, 0x0000000085d00000|  0%| F|  |TAMS 0x0000000085c00000, 0x0000000085c00000| Untracked 
|  93|0x0000000085d00000, 0x0000000085d00000, 0x0000000085e00000|  0%| F|  |TAMS 0x0000000085d00000, 0x0000000085d00000| Untracked 
|  94|0x0000000085e00000, 0x0000000085e00000, 0x0000000085f00000|  0%| F|  |TAMS 0x0000000085e00000, 0x0000000085e00000| Untracked 
|  95|0x0000000085f00000, 0x0000000085f00000, 0x0000000086000000|  0%| F|  |TAMS 0x0000000085f00000, 0x0000000085f00000| Untracked 
|  96|0x0000000086000000, 0x0000000086000000, 0x0000000086100000|  0%| F|  |TAMS 0x0000000086000000, 0x0000000086000000| Untracked 
|  97|0x0000000086100000, 0x0000000086100000, 0x0000000086200000|  0%| F|  |TAMS 0x0000000086100000, 0x0000000086100000| Untracked 
|  98|0x0000000086200000, 0x0000000086200000, 0x0000000086300000|  0%| F|  |TAMS 0x0000000086200000, 0x0000000086200000| Untracked 
|  99|0x0000000086300000, 0x0000000086300000, 0x0000000086400000|  0%| F|  |TAMS 0x0000000086300000, 0x0000000086300000| Untracked 
| 100|0x0000000086400000, 0x0000000086400000, 0x0000000086500000|  0%| F|  |TAMS 0x0000000086400000, 0x0000000086400000| Untracked 
| 101|0x0000000086500000, 0x0000000086500000, 0x0000000086600000|  0%| F|  |TAMS 0x0000000086500000, 0x0000000086500000| Untracked 
| 102|0x0000000086600000, 0x0000000086600000, 0x0000000086700000|  0%| F|  |TAMS 0x0000000086600000, 0x0000000086600000| Untracked 
| 103|0x0000000086700000, 0x0000000086700000, 0x0000000086800000|  0%| F|  |TAMS 0x0000000086700000, 0x0000000086700000| Untracked 
| 104|0x0000000086800000, 0x0000000086800000, 0x0000000086900000|  0%| F|  |TAMS 0x0000000086800000, 0x0000000086800000| Untracked 
| 105|0x0000000086900000, 0x0000000086900000, 0x0000000086a00000|  0%| F|  |TAMS 0x0000000086900000, 0x0000000086900000| Untracked 
| 106|0x0000000086a00000, 0x0000000086a00000, 0x0000000086b00000|  0%| F|  |TAMS 0x0000000086a00000, 0x0000000086a00000| Untracked 
| 107|0x0000000086b00000, 0x0000000086b00000, 0x0000000086c00000|  0%| F|  |TAMS 0x0000000086b00000, 0x0000000086b00000| Untracked 
| 108|0x0000000086c00000, 0x0000000086c00000, 0x0000000086d00000|  0%| F|  |TAMS 0x0000000086c00000, 0x0000000086c00000| Untracked 
| 109|0x0000000086d00000, 0x0000000086d00000, 0x0000000086e00000|  0%| F|  |TAMS 0x0000000086d00000, 0x0000000086d00000| Untracked 
| 110|0x0000000086e00000, 0x0000000086e00000, 0x0000000086f00000|  0%| F|  |TAMS 0x0000000086e00000, 0x0000000086e00000| Untracked 
| 111|0x0000000086f00000, 0x0000000086f00000, 0x0000000087000000|  0%| F|  |TAMS 0x0000000086f00000, 0x0000000086f00000| Untracked 
| 112|0x0000000087000000, 0x0000000087000000, 0x0000000087100000|  0%| F|  |TAMS 0x0000000087000000, 0x0000000087000000| Untracked 
| 113|0x0000000087100000, 0x0000000087100000, 0x0000000087200000|  0%| F|  |TAMS 0x0000000087100000, 0x0000000087100000| Untracked 
| 114|0x0000000087200000, 0x0000000087200000, 0x0000000087300000|  0%| F|  |TAMS 0x0000000087200000, 0x0000000087200000| Untracked 
| 115|0x0000000087300000, 0x0000000087300000, 0x0000000087400000|  0%| F|  |TAMS 0x0000000087300000, 0x0000000087300000| Untracked 
| 116|0x0000000087400000, 0x0000000087400000, 0x0000000087500000|  0%| F|  |TAMS 0x0000000087400000, 0x0000000087400000| Untracked 
| 117|0x0000000087500000, 0x0000000087500000, 0x0000000087600000|  0%| F|  |TAMS 0x0000000087500000, 0x0000000087500000| Untracked 
| 118|0x0000000087600000, 0x0000000087600000, 0x0000000087700000|  0%| F|  |TAMS 0x0000000087600000, 0x0000000087600000| Untracked 
| 119|0x0000000087700000, 0x0000000087700000, 0x0000000087800000|  0%| F|  |TAMS 0x0000000087700000, 0x0000000087700000| Untracked 
| 120|0x0000000087800000, 0x0000000087800000, 0x0000000087900000|  0%| F|  |TAMS 0x0000000087800000, 0x0000000087800000| Untracked 
| 121|0x0000000087900000, 0x0000000087900000, 0x0000000087a00000|  0%| F|  |TAMS 0x0000000087900000, 0x0000000087900000| Untracked 
| 122|0x0000000087a00000, 0x0000000087a00000, 0x0000000087b00000|  0%| F|  |TAMS 0x0000000087a00000, 0x0000000087a00000| Untracked 
| 123|0x0000000087b00000, 0x0000000087b00000, 0x0000000087c00000|  0%| F|  |TAMS 0x0000000087b00000, 0x0000000087b00000| Untracked 
| 124|0x0000000087c00000, 0x0000000087c00000, 0x0000000087d00000|  0%| F|  |TAMS 0x0000000087c00000, 0x0000000087c00000| Untracked 
| 125|0x0000000087d00000, 0x0000000087d00000, 0x0000000087e00000|  0%| F|  |TAMS 0x0000000087d00000, 0x0000000087d00000| Untracked 
| 126|0x0000000087e00000, 0x0000000087e00000, 0x0000000087f00000|  0%| F|  |TAMS 0x0000000087e00000, 0x0000000087e00000| Untracked 
| 127|0x0000000087f00000, 0x0000000087f00000, 0x0000000088000000|  0%| F|  |TAMS 0x0000000087f00000, 0x0000000087f00000| Untracked 
| 128|0x0000000088000000, 0x0000000088000000, 0x0000000088100000|  0%| F|  |TAMS 0x0000000088000000, 0x0000000088000000| Untracked 
| 129|0x0000000088100000, 0x0000000088100000, 0x0000000088200000|  0%| F|  |TAMS 0x0000000088100000, 0x0000000088100000| Untracked 
| 130|0x0000000088200000, 0x0000000088200000, 0x0000000088300000|  0%| F|  |TAMS 0x0000000088200000, 0x0000000088200000| Untracked 
| 131|0x0000000088300000, 0x0000000088300000, 0x0000000088400000|  0%| F|  |TAMS 0x0000000088300000, 0x0000000088300000| Untracked 
| 132|0x0000000088400000, 0x0000000088400000, 0x0000000088500000|  0%| F|  |TAMS 0x0000000088400000, 0x0000000088400000| Untracked 
| 133|0x0000000088500000, 0x0000000088500000, 0x0000000088600000|  0%| F|  |TAMS 0x0000000088500000, 0x0000000088500000| Untracked 
| 134|0x0000000088600000, 0x0000000088600000, 0x0000000088700000|  0%| F|  |TAMS 0x0000000088600000, 0x0000000088600000| Untracked 
| 135|0x0000000088700000, 0x0000000088700000, 0x0000000088800000|  0%| F|  |TAMS 0x0000000088700000, 0x0000000088700000| Untracked 
| 136|0x0000000088800000, 0x0000000088800000, 0x0000000088900000|  0%| F|  |TAMS 0x0000000088800000, 0x0000000088800000| Untracked 
| 137|0x0000000088900000, 0x0000000088900000, 0x0000000088a00000|  0%| F|  |TAMS 0x0000000088900000, 0x0000000088900000| Untracked 
| 138|0x0000000088a00000, 0x0000000088a00000, 0x0000000088b00000|  0%| F|  |TAMS 0x0000000088a00000, 0x0000000088a00000| Untracked 
| 139|0x0000000088b00000, 0x0000000088b00000, 0x0000000088c00000|  0%| F|  |TAMS 0x0000000088b00000, 0x0000000088b00000| Untracked 
| 140|0x0000000088c00000, 0x0000000088c00000, 0x0000000088d00000|  0%| F|  |TAMS 0x0000000088c00000, 0x0000000088c00000| Untracked 
| 141|0x0000000088d00000, 0x0000000088d00000, 0x0000000088e00000|  0%| F|  |TAMS 0x0000000088d00000, 0x0000000088d00000| Untracked 
| 142|0x0000000088e00000, 0x0000000088e00000, 0x0000000088f00000|  0%| F|  |TAMS 0x0000000088e00000, 0x0000000088e00000| Untracked 
| 143|0x0000000088f00000, 0x0000000088f00000, 0x0000000089000000|  0%| F|  |TAMS 0x0000000088f00000, 0x0000000088f00000| Untracked 

Card table byte_map: [0x000001ba948a0000,0x000001ba94ca0000] _byte_map_base: 0x000001ba944a0000

Marking Bits (Prev, Next): (CMBitMap*) 0x000001baff4499b0, (CMBitMap*) 0x000001baff449978
 Prev Bits: [0x000001ba970a0000, 0x000001ba990a0000)
 Next Bits: [0x000001ba950a0000, 0x000001ba970a0000)

Polling page: 0x000001ba81410000

Metaspace:

Usage:
  Non-class:     27.69 MB capacity,    27.30 MB ( 99%) used,   329.66 KB (  1%) free+waste,    67.13 KB ( <1%) overhead. 
      Class:      4.43 MB capacity,     4.15 MB ( 94%) used,   249.38 KB (  6%) free+waste,    33.38 KB ( <1%) overhead. 
       Both:     32.12 MB capacity,    31.46 MB ( 98%) used,   579.03 KB (  2%) free+waste,   100.50 KB ( <1%) overhead. 

Virtual space:
  Non-class space:       38.00 MB reserved,      27.75 MB ( 73%) committed 
      Class space:        1.00 GB reserved,       4.50 MB ( <1%) committed 
             Both:        1.04 GB reserved,      32.25 MB (  3%) committed 

Chunk freelists:
   Non-Class:  60.00 KB
       Class:  10.00 KB
        Both:  70.00 KB

MaxMetaspaceSize: 17179869184.00 GB
CompressedClassSpaceSize: 1.00 GB

CodeHeap 'non-profiled nmethods': size=120064Kb used=1363Kb max_used=1363Kb free=118700Kb
 bounds [0x000001ba8c910000, 0x000001ba8cb80000, 0x000001ba93e50000]
CodeHeap 'profiled nmethods': size=120000Kb used=5915Kb max_used=5915Kb free=114085Kb
 bounds [0x000001ba853e0000, 0x000001ba859b0000, 0x000001ba8c910000]
CodeHeap 'non-nmethods': size=5696Kb used=1168Kb max_used=1196Kb free=4527Kb
 bounds [0x000001ba84e50000, 0x000001ba850c0000, 0x000001ba853e0000]
 total_blobs=3245 nmethods=2734 adapters=422
 compilation: enabled
              stopped_count=0, restarted_count=0
 full_count=0

Compilation events (20 events):
Event: 12.612 Thread 0x000001ba9b73d800 2730       3       org.codehaus.groovy.reflection.GeneratedMetaMethod::<init> (26 bytes)
Event: 12.612 Thread 0x000001ba9b73d800 nmethod 2730 0x000001ba8599b490 code [0x000001ba8599b660, 0x000001ba8599b9f8]
Event: 12.612 Thread 0x000001ba9b73d800 2731       3       org.codehaus.groovy.util.FastArray::add (71 bytes)
Event: 12.612 Thread 0x000001ba9b73d800 nmethod 2731 0x000001ba8599bb10 code [0x000001ba8599bd00, 0x000001ba8599c208]
Event: 12.613 Thread 0x000001ba9b73d800 2732       3       java.lang.PublicMethods$MethodList::getMostSpecific (63 bytes)
Event: 12.613 Thread 0x000001ba9b73d800 nmethod 2732 0x000001ba8599c390 code [0x000001ba8599c560, 0x000001ba8599c868]
Event: 12.613 Thread 0x000001ba9b73d800 2733       3       org.codehaus.groovy.util.ManagedReference::<init> (40 bytes)
Event: 12.614 Thread 0x000001ba9b73d800 nmethod 2733 0x000001ba8599ca10 code [0x000001ba8599cc00, 0x000001ba8599d098]
Event: 12.614 Thread 0x000001ba9b73d800 2734       3       org.codehaus.groovy.util.ManagedReference::<init> (14 bytes)
Event: 12.614 Thread 0x000001ba9b73d800 nmethod 2734 0x000001ba8599d210 code [0x000001ba8599d3e0, 0x000001ba8599d568]
Event: 12.614 Thread 0x000001ba9b73d800 2735       3       org.codehaus.groovy.util.ReferenceManager$1::afterReferenceCreation (57 bytes)
Event: 12.614 Thread 0x000001ba9b73d800 nmethod 2735 0x000001ba8599d690 code [0x000001ba8599d880, 0x000001ba8599dc98]
Event: 12.615 Thread 0x000001ba9b73d800 2736   !   3       org.codehaus.groovy.util.LazyReference::getLocked (85 bytes)
Event: 12.617 Thread 0x000001ba9b73d800 nmethod 2736 0x000001ba8599de10 code [0x000001ba8599e140, 0x000001ba8599f278]
Event: 12.617 Thread 0x000001ba9b73d800 2738   !   3       java.util.concurrent.LinkedBlockingQueue::poll (128 bytes)
Event: 12.620 Thread 0x000001ba9b73d800 nmethod 2738 0x000001ba8599f910 code [0x000001ba8599fcc0, 0x000001ba859a1528]
Event: 12.621 Thread 0x000001ba9b73d800 2739       3       org.codehaus.groovy.util.LockableObject::tryRelease (45 bytes)
Event: 12.621 Thread 0x000001ba9b73d800 nmethod 2739 0x000001ba859a2190 code [0x000001ba859a2360, 0x000001ba859a2628]
Event: 12.623 Thread 0x000001ba9b73d800 2740       3       java.lang.ClassValue$Entry::version (8 bytes)
Event: 12.624 Thread 0x000001ba9b73d800 nmethod 2740 0x000001ba859a2710 code [0x000001ba859a28c0, 0x000001ba859a2b58]

GC Heap History (14 events):
Event: 1.727 GC heap before
{Heap before GC invocations=0 (full 0):
 garbage-first heap   total 122880K, used 19456K [0x0000000080000000, 0x0000000100000000)
  region size 1024K, 14 young (14336K), 0 survivors (0K)
 Metaspace       used 6739K, capacity 6925K, committed 7168K, reserved 1056768K
  class space    used 582K, capacity 650K, committed 768K, reserved 1048576K
}
Event: 1.747 GC heap after
{Heap after GC invocations=1 (full 0):
 garbage-first heap   total 122880K, used 7552K [0x0000000080000000, 0x0000000100000000)
  region size 1024K, 2 young (2048K), 2 survivors (2048K)
 Metaspace       used 6739K, capacity 6925K, committed 7168K, reserved 1056768K
  class space    used 582K, capacity 650K, committed 768K, reserved 1048576K
}
Event: 2.011 GC heap before
{Heap before GC invocations=1 (full 0):
 garbage-first heap   total 122880K, used 11648K [0x0000000080000000, 0x0000000100000000)
  region size 1024K, 6 young (6144K), 2 survivors (2048K)
 Metaspace       used 7802K, capacity 7963K, committed 8320K, reserved 1056768K
  class space    used 731K, capacity 784K, committed 896K, reserved 1048576K
}
Event: 2.018 GC heap after
{Heap after GC invocations=2 (full 0):
 garbage-first heap   total 122880K, used 8805K [0x0000000080000000, 0x0000000100000000)
  region size 1024K, 1 young (1024K), 1 survivors (1024K)
 Metaspace       used 7802K, capacity 7963K, committed 8320K, reserved 1056768K
  class space    used 731K, capacity 784K, committed 896K, reserved 1048576K
}
Event: 3.001 GC heap before
{Heap before GC invocations=2 (full 0):
 garbage-first heap   total 122880K, used 25189K [0x0000000080000000, 0x0000000100000000)
  region size 1024K, 17 young (17408K), 1 survivors (1024K)
 Metaspace       used 10768K, capacity 11009K, committed 11264K, reserved 1058816K
  class space    used 1130K, capacity 1207K, committed 1280K, reserved 1048576K
}
Event: 3.007 GC heap after
{Heap after GC invocations=3 (full 0):
 garbage-first heap   total 122880K, used 9544K [0x0000000080000000, 0x0000000100000000)
  region size 1024K, 2 young (2048K), 2 survivors (2048K)
 Metaspace       used 10768K, capacity 11009K, committed 11264K, reserved 1058816K
  class space    used 1130K, capacity 1207K, committed 1280K, reserved 1048576K
}
Event: 3.853 GC heap before
{Heap before GC invocations=3 (full 0):
 garbage-first heap   total 122880K, used 35144K [0x0000000080000000, 0x0000000100000000)
  region size 1024K, 27 young (27648K), 2 survivors (2048K)
 Metaspace       used 10917K, capacity 11137K, committed 11264K, reserved 1058816K
  class space    used 1132K, capacity 1207K, committed 1280K, reserved 1048576K
}
Event: 3.864 GC heap after
{Heap after GC invocations=4 (full 0):
 garbage-first heap   total 122880K, used 13788K [0x0000000080000000, 0x0000000100000000)
  region size 1024K, 4 young (4096K), 4 survivors (4096K)
 Metaspace       used 10917K, capacity 11137K, committed 11264K, reserved 1058816K
  class space    used 1132K, capacity 1207K, committed 1280K, reserved 1048576K
}
Event: 7.929 GC heap before
{Heap before GC invocations=4 (full 0):
 garbage-first heap   total 122880K, used 51676K [0x0000000080000000, 0x0000000100000000)
  region size 1024K, 41 young (41984K), 4 survivors (4096K)
 Metaspace       used 17699K, capacity 18118K, committed 18432K, reserved 1064960K
  class space    used 2090K, capacity 2217K, committed 2304K, reserved 1048576K
}
Event: 7.956 GC heap after
{Heap after GC invocations=5 (full 0):
 garbage-first heap   total 122880K, used 16698K [0x0000000080000000, 0x0000000100000000)
  region size 1024K, 6 young (6144K), 6 survivors (6144K)
 Metaspace       used 17699K, capacity 18118K, committed 18432K, reserved 1064960K
  class space    used 2090K, capacity 2217K, committed 2304K, reserved 1048576K
}
Event: 8.685 GC heap before
{Heap before GC invocations=5 (full 0):
 garbage-first heap   total 122880K, used 39226K [0x0000000080000000, 0x0000000100000000)
  region size 1024K, 29 young (29696K), 6 survivors (6144K)
 Metaspace       used 20687K, capacity 21102K, committed 21296K, reserved 1069056K
  class space    used 2529K, capacity 2658K, committed 2688K, reserved 1048576K
}
Event: 8.726 GC heap after
{Heap after GC invocations=6 (full 0):
 garbage-first heap   total 147456K, used 17695K [0x0000000080000000, 0x0000000100000000)
  region size 1024K, 4 young (4096K), 4 survivors (4096K)
 Metaspace       used 20687K, capacity 21102K, committed 21296K, reserved 1069056K
  class space    used 2529K, capacity 2658K, committed 2688K, reserved 1048576K
}
Event: 11.131 GC heap before
{Heap before GC invocations=7 (full 0):
 garbage-first heap   total 147456K, used 68895K [0x0000000080000000, 0x0000000100000000)
  region size 1024K, 54 young (55296K), 4 survivors (4096K)
 Metaspace       used 25982K, capacity 26570K, committed 26752K, reserved 1073152K
  class space    used 3394K, capacity 3615K, committed 3712K, reserved 1048576K
}
Event: 11.147 GC heap after
{Heap after GC invocations=8 (full 0):
 garbage-first heap   total 147456K, used 19571K [0x0000000080000000, 0x0000000100000000)
  region size 1024K, 3 young (3072K), 3 survivors (3072K)
 Metaspace       used 25982K, capacity 26570K, committed 26752K, reserved 1073152K
  class space    used 3394K, capacity 3615K, committed 3712K, reserved 1048576K
}

Deoptimization events (20 events):
Event: 11.555 Thread 0x000001ba9f608000 Uncommon trap: trap_request=0xffffff4d fr.pc=0x000001ba8c9f9ccc relative=0x000000000000020c
Event: 11.555 Thread 0x000001ba9f608000 Uncommon trap: reason=unstable_if action=reinterpret pc=0x000001ba8c9f9ccc method=java.util.HashMap.hash(Ljava/lang/Object;)I @ 1 c2
Event: 11.555 Thread 0x000001ba9f608000 DEOPT PACKING pc=0x000001ba8c9f9ccc sp=0x000000758fdf8e00
Event: 11.555 Thread 0x000001ba9f608000 DEOPT UNPACKING pc=0x000001ba84e7662f sp=0x000000758fdf8d38 mode 2
Event: 11.555 Thread 0x000001ba9f608000 Uncommon trap: trap_request=0xffffff4d fr.pc=0x000001ba8ca1a4ac relative=0x000000000000008c
Event: 11.555 Thread 0x000001ba9f608000 Uncommon trap: reason=unstable_if action=reinterpret pc=0x000001ba8ca1a4ac method=java.util.HashMap.hash(Ljava/lang/Object;)I @ 1 c2
Event: 11.555 Thread 0x000001ba9f608000 DEOPT PACKING pc=0x000001ba8ca1a4ac sp=0x000000758fdf8b70
Event: 11.555 Thread 0x000001ba9f608000 DEOPT UNPACKING pc=0x000001ba84e7662f sp=0x000000758fdf8b08 mode 2
Event: 12.226 Thread 0x000001ba9f608000 Uncommon trap: trap_request=0xffffff6e fr.pc=0x000001ba8ca598cc relative=0x000000000000078c
Event: 12.226 Thread 0x000001ba9f608000 Uncommon trap: reason=speculate_class_check action=maybe_recompile pc=0x000001ba8ca598cc method=java.lang.reflect.Executable.declaredAnnotations()Ljava/util/Map; @ 23 c2
Event: 12.226 Thread 0x000001ba9f608000 DEOPT PACKING pc=0x000001ba8ca598cc sp=0x000000758fdf9a10
Event: 12.226 Thread 0x000001ba9f608000 DEOPT UNPACKING pc=0x000001ba84e7662f sp=0x000000758fdf9950 mode 2
Event: 12.261 Thread 0x000001ba9f608000 Uncommon trap: trap_request=0xffffff4d fr.pc=0x000001ba8ca197d0 relative=0x00000000000001f0
Event: 12.261 Thread 0x000001ba9f608000 Uncommon trap: reason=unstable_if action=reinterpret pc=0x000001ba8ca197d0 method=java.util.HashMap.putVal(ILjava/lang/Object;Ljava/lang/Object;ZZ)Ljava/lang/Object; @ 162 c2
Event: 12.261 Thread 0x000001ba9f608000 DEOPT PACKING pc=0x000001ba8ca197d0 sp=0x000000758fdfa860
Event: 12.261 Thread 0x000001ba9f608000 DEOPT UNPACKING pc=0x000001ba84e7662f sp=0x000000758fdfa7e0 mode 2
Event: 12.268 Thread 0x000001ba9f608000 Uncommon trap: trap_request=0xffffff6e fr.pc=0x000001ba8ca598cc relative=0x000000000000078c
Event: 12.269 Thread 0x000001ba9f608000 Uncommon trap: reason=speculate_class_check action=maybe_recompile pc=0x000001ba8ca598cc method=java.lang.reflect.Executable.declaredAnnotations()Ljava/util/Map; @ 23 c2
Event: 12.269 Thread 0x000001ba9f608000 DEOPT PACKING pc=0x000001ba8ca598cc sp=0x000000758fdfaa30
Event: 12.269 Thread 0x000001ba9f608000 DEOPT UNPACKING pc=0x000001ba84e7662f sp=0x000000758fdfa970 mode 2

Classes redefined (0 events):
No events

Internal exceptions (20 events):
Event: 11.051 Thread 0x000001ba9f608000 Exception <a 'java/lang/NoSuchMethodError'{0x00000000861dc4e8}: 'void java.lang.invoke.DirectMethodHandle$Holder.invokeStatic(java.lang.Object, java.lang.Object, java.lang.Object, java.lang.Object)'> (0x00000000861dc4e8) thrown at [./src/hotspot/share/interpreter/linkResolver.cpp, line 773]
Event: 11.055 Thread 0x000001ba9f608000 Exception <a 'java/lang/NoSuchMethodError'{0x00000000861f01a8}: 'int java.lang.invoke.DirectMethodHandle$Holder.invokeInterface(java.lang.Object, java.lang.Object)'> (0x00000000861f01a8) thrown at [./src/hotspot/share/interpreter/linkResolver.cpp, line 773]
Event: 11.298 Thread 0x000001ba9f608000 Exception <a 'java/lang/NoSuchMethodError'{0x000000008883be38}: 'java.lang.Object java.lang.invoke.DirectMethodHandle$Holder.invokeSpecialIFC(java.lang.Object, java.lang.Object, java.lang.Object, java.lang.Object)'> (0x000000008883be38) thrown at [./src/hotspot/share/interpreter/linkResolver.cpp, line 773]
Event: 11.316 Thread 0x000001ba9f608000 Exception <a 'java/lang/NoSuchMethodError'{0x0000000088717dc8}: 'java.lang.Object java.lang.invoke.DirectMethodHandle$Holder.invokeSpecial(java.lang.Object, java.lang.Object, java.lang.Object, java.lang.Object, java.lang.Object, java.lang.Object, java.lang.Object, java.lang.Object, java.lang.Object, java.lang.Object, java.lang.Object, java.lang.Object, java.lang.Object)'> (0x0000000088717dc8) thrown at [./src/hotspot/share/interpreter/linkResolver.cpp, line 773]
Event: 11.318 Thread 0x000001ba9f608000 Exception <a 'java/lang/NoSuchMethodError'{0x0000000088728c28}: 'java.lang.Object java.lang.invoke.DirectMethodHandle$Holder.invokeSpecial(java.lang.Object, java.lang.Object, java.lang.Object, java.lang.Object, java.lang.Object, java.lang.Object, java.lang.Object, java.lang.Object, java.lang.Object, java.lang.Object, java.lang.Object, java.lang.Object)'> (0x0000000088728c28) thrown at [./src/hotspot/share/interpreter/linkResolver.cpp, line 773]
Event: 11.320 Thread 0x000001ba9f608000 Exception <a 'java/lang/NoSuchMethodError'{0x000000008872dd50}: 'java.lang.Object java.lang.invoke.Invokers$Holder.linkToTargetMethod(java.lang.Object, java.lang.Object, java.lang.Object, java.lang.Object, java.lang.Object, java.lang.Object, java.lang.Object, java.lang.Object, java.lang.Object, java.lang.Object, java.lang.Object)'> (0x000000008872dd50) thrown at [./src/hotspot/share/interpreter/linkResolver.cpp, line 773]
Event: 11.351 Thread 0x000001ba9f608000 Exception <a 'java/lang/NoSuchMethodError'{0x0000000088674c78}: 'java.lang.Object java.lang.invoke.DirectMethodHandle$Holder.invokeSpecial(java.lang.Object, java.lang.Object, java.lang.Object, java.lang.Object, java.lang.Object, java.lang.Object, java.lang.Object, java.lang.Object, java.lang.Object, java.lang.Object, java.lang.Object, java.lang.Object, java.lang.Object, java.lang.Object)'> (0x0000000088674c78) thrown at [./src/hotspot/share/interpreter/linkResolver.cpp, line 773]
Event: 11.353 Thread 0x000001ba9f608000 Exception <a 'java/lang/NoSuchMethodError'{0x00000000886866a0}: 'java.lang.Object java.lang.invoke.Invokers$Holder.linkToTargetMethod(java.lang.Object, java.lang.Object, java.lang.Object, java.lang.Object, java.lang.Object, java.lang.Object, java.lang.Object, java.lang.Object, java.lang.Object, java.lang.Object, java.lang.Object, java.lang.Object)'> (0x00000000886866a0) thrown at [./src/hotspot/share/interpreter/linkResolver.cpp, line 773]
Event: 11.368 Thread 0x000001ba9f608000 Exception <a 'java/lang/NoSuchMethodError'{0x0000000088517dd0}: 'java.lang.Object java.lang.invoke.DirectMethodHandle$Holder.invokeStaticInit(java.lang.Object, java.lang.Object, java.lang.Object, java.lang.Object)'> (0x0000000088517dd0) thrown at [./src/hotspot/share/interpreter/linkResolver.cpp, line 773]
Event: 11.555 Thread 0x000001ba9f608000 Implicit null exception at 0x000001ba8c9f9af5 to 0x000001ba8c9f9cbc
Event: 11.555 Thread 0x000001ba9f608000 Implicit null exception at 0x000001ba8ca1a42f to 0x000001ba8ca1a49d
Event: 11.900 Thread 0x000001ba9f608000 Exception <a 'java/lang/NoSuchMethodError'{0x0000000087484b18}: 'java.lang.Object java.lang.invoke.Invokers$Holder.linkToTargetMethod(java.lang.Object, java.lang.Object, java.lang.Object, java.lang.Object, java.lang.Object, java.lang.Object, java.lang.Object, java.lang.Object)'> (0x0000000087484b18) thrown at [./src/hotspot/share/interpreter/linkResolver.cpp, line 773]
Event: 11.910 Thread 0x000001ba9f608000 Exception <a 'java/lang/NoSuchMethodError'{0x00000000874b9788}: 'java.lang.Object java.lang.invoke.DirectMethodHandle$Holder.invokeVirtual(java.lang.Object, java.lang.Object, java.lang.Object)'> (0x00000000874b9788) thrown at [./src/hotspot/share/interpreter/linkResolver.cpp, line 773]
Event: 11.964 Thread 0x000001ba9f608000 Exception <a 'java/lang/NoSuchMethodError'{0x00000000873c5180}: 'java.lang.Object java.lang.invoke.Invokers$Holder.linkToTargetMethod(java.lang.Object, java.lang.Object, java.lang.Object, java.lang.Object, java.lang.Object, java.lang.Object, java.lang.Object)'> (0x00000000873c5180) thrown at [./src/hotspot/share/interpreter/linkResolver.cpp, line 773]
Event: 11.974 Thread 0x000001ba9f608000 Exception <a 'java/lang/IncompatibleClassChangeError'{0x00000000872049a0}: Found class java.lang.Object, but interface was expected> (0x00000000872049a0) thrown at [./src/hotspot/share/interpreter/linkResolver.cpp, line 839]
Event: 12.049 Thread 0x000001ba9f608000 Exception <a 'java/lang/NoSuchMethodError'{0x0000000086f7e588}: 'int java.lang.invoke.DirectMethodHandle$Holder.invokeVirtual(java.lang.Object, java.lang.Object)'> (0x0000000086f7e588) thrown at [./src/hotspot/share/interpreter/linkResolver.cpp, line 773]
Event: 12.466 Thread 0x000001ba9f608000 Exception <a 'java/lang/NoSuchMethodError'{0x0000000085f3b6e8}: 'void java.lang.invoke.DirectMethodHandle$Holder.invokeStaticInit(java.lang.Object, java.lang.Object, java.lang.Object)'> (0x0000000085f3b6e8) thrown at [./src/hotspot/share/interpreter/linkResolver.cpp, line 773]
Event: 12.467 Thread 0x000001ba9f608000 Exception <a 'java/lang/NoSuchMethodError'{0x0000000085f424c0}: 'void java.lang.invoke.DirectMethodHandle$Holder.invokeStaticInit(java.lang.Object, java.lang.Object, java.lang.Object, java.lang.Object)'> (0x0000000085f424c0) thrown at [./src/hotspot/share/interpreter/linkResolver.cpp, line 773]
Event: 12.471 Thread 0x000001ba9f608000 Exception <a 'java/lang/NoSuchMethodError'{0x0000000085f64b18}: 'void java.lang.invoke.DirectMethodHandle$Holder.invokeStaticInit(java.lang.Object, java.lang.Object, java.lang.Object, java.lang.Object, java.lang.Object)'> (0x0000000085f64b18) thrown at [./src/hotspot/share/interpreter/linkResolver.cpp, line 773]
Event: 12.558 Thread 0x000001ba9f608000 Exception <a 'java/lang/NoSuchMethodError'{0x0000000085fc6f70}: 'int java.lang.invoke.DirectMethodHandle$Holder.invokeStaticInit(java.lang.Object, java.lang.Object, java.lang.Object, java.lang.Object)'> (0x0000000085fc6f70) thrown at [./src/hotspot/share/interpreter/linkResolver.cpp, line 773]

Events (20 events):
Event: 12.473 loading class java/util/stream/MatchOps$BooleanTerminalSink done
Event: 12.474 loading class java/util/stream/MatchOps$1MatchSink
Event: 12.475 loading class java/util/stream/MatchOps$1MatchSink done
Event: 12.479 Thread 0x000001ba9f4ab800 Thread added: 0x000001ba9f4ab800
Event: 12.556 loading class org/codehaus/groovy/reflection/ReflectionUtils$ClassContextHelper
Event: 12.556 loading class org/codehaus/groovy/reflection/ReflectionUtils$ClassContextHelper done
Event: 12.572 loading class org/codehaus/groovy/reflection/CachedMethod$MyComparator
Event: 12.572 loading class org/codehaus/groovy/reflection/CachedMethod$MyComparator done
Event: 12.601 loading class org/codehaus/groovy/reflection/CachedClass$CachedMethodComparatorByName
Event: 12.601 loading class org/codehaus/groovy/reflection/CachedClass$CachedMethodComparatorByName done
Event: 12.605 loading class java/lang/ClassFormatError
Event: 12.605 loading class java/lang/ClassFormatError done
Event: 12.618 loading class java/lang/ProcessHandle$Info
Event: 12.618 loading class java/lang/ProcessHandle$Info done
Event: 12.618 loading class java/util/concurrent/CompletableFuture
Event: 12.621 loading class java/util/concurrent/CompletionStage
Event: 12.622 loading class java/util/concurrent/CompletionStage done
Event: 12.622 loading class java/util/concurrent/CompletableFuture done
Event: 12.622 loading class java/lang/ProcessHandle
Event: 12.622 loading class java/lang/ProcessHandle done


Dynamic libraries:
0x00007ff7e1cd0000 - 0x00007ff7e1cda000 	C:\Program Files\Android\Android Studio\jre\bin\java.exe
0x00007ff973ad0000 - 0x00007ff973cc5000 	C:\WINDOWS\SYSTEM32\ntdll.dll
0x00007ff9722f0000 - 0x00007ff9723ae000 	C:\WINDOWS\System32\KERNEL32.DLL
0x00007ff9716e0000 - 0x00007ff9719a8000 	C:\WINDOWS\System32\KERNELBASE.dll
0x00007ff971a30000 - 0x00007ff971b30000 	C:\WINDOWS\System32\ucrtbase.dll
0x00007ff96afb0000 - 0x00007ff96afc9000 	C:\Program Files\Android\Android Studio\jre\bin\jli.dll
0x00007ff972150000 - 0x00007ff9722f0000 	C:\WINDOWS\System32\USER32.dll
0x00007ff9719b0000 - 0x00007ff9719d2000 	C:\WINDOWS\System32\win32u.dll
0x00007ff971e50000 - 0x00007ff971e7a000 	C:\WINDOWS\System32\GDI32.dll
0x00007ff9711f0000 - 0x00007ff9712fb000 	C:\WINDOWS\System32\gdi32full.dll
0x00007ff960ab0000 - 0x00007ff960ac7000 	C:\Program Files\Android\Android Studio\jre\bin\VCRUNTIME140.dll
0x00007ff959390000 - 0x00007ff95962a000 	C:\WINDOWS\WinSxS\amd64_microsoft.windows.common-controls_6595b64144ccf1df_6.0.19041.1110_none_60b5254171f9507e\COMCTL32.dll
0x00007ff9715b0000 - 0x00007ff97164d000 	C:\WINDOWS\System32\msvcp_win.dll
0x00007ff9733a0000 - 0x00007ff97343e000 	C:\WINDOWS\System32\msvcrt.dll
0x00007ff971d10000 - 0x00007ff971d40000 	C:\WINDOWS\System32\IMM32.DLL
0x00007ff90fae0000 - 0x00007ff90fb7d000 	C:\Program Files\Android\Android Studio\jre\bin\msvcp140.dll
0x00007ff8f8fe0000 - 0x00007ff8f9ab5000 	C:\Program Files\Android\Android Studio\jre\bin\server\jvm.dll
0x00007ff972960000 - 0x00007ff972a0e000 	C:\WINDOWS\System32\ADVAPI32.dll
0x00007ff971e80000 - 0x00007ff971f1c000 	C:\WINDOWS\System32\sechost.dll
0x00007ff971f40000 - 0x00007ff972065000 	C:\WINDOWS\System32\RPCRT4.dll
0x00007ff973390000 - 0x00007ff973398000 	C:\WINDOWS\System32\PSAPI.DLL
0x00007ff95b200000 - 0x00007ff95b209000 	C:\WINDOWS\SYSTEM32\WSOCK32.dll
0x00007ff972080000 - 0x00007ff9720eb000 	C:\WINDOWS\System32\WS2_32.dll
0x00007ff95c790000 - 0x00007ff95c7b7000 	C:\WINDOWS\SYSTEM32\WINMM.dll
0x00007ff967200000 - 0x00007ff96720a000 	C:\WINDOWS\SYSTEM32\VERSION.dll
0x00007ff96fa60000 - 0x00007ff96fa72000 	C:\WINDOWS\SYSTEM32\kernel.appcore.dll
0x00007ff96be90000 - 0x00007ff96bea1000 	C:\Program Files\Android\Android Studio\jre\bin\verify.dll
0x00007ff96f830000 - 0x00007ff96fa14000 	C:\WINDOWS\SYSTEM32\DBGHELP.DLL
0x00007ff9689b0000 - 0x00007ff9689dc000 	C:\WINDOWS\SYSTEM32\dbgcore.DLL
0x00007ff971650000 - 0x00007ff9716d2000 	C:\WINDOWS\System32\bcryptPrimitives.dll
0x00007ff96a7d0000 - 0x00007ff96a7f9000 	C:\Program Files\Android\Android Studio\jre\bin\java.dll
0x00007ff96a9d0000 - 0x00007ff96a9db000 	C:\Program Files\Android\Android Studio\jre\bin\jimage.dll
0x00007ff964610000 - 0x00007ff964628000 	C:\Program Files\Android\Android Studio\jre\bin\zip.dll
0x00007ff972ac0000 - 0x00007ff973204000 	C:\WINDOWS\System32\SHELL32.dll
0x00007ff96f090000 - 0x00007ff96f824000 	C:\WINDOWS\SYSTEM32\windows.storage.dll
0x00007ff9735f0000 - 0x00007ff973944000 	C:\WINDOWS\System32\combase.dll
0x00007ff970b80000 - 0x00007ff970bac000 	C:\WINDOWS\SYSTEM32\Wldp.dll
0x00007ff971d40000 - 0x00007ff971ded000 	C:\WINDOWS\System32\SHCORE.dll
0x00007ff973a30000 - 0x00007ff973a85000 	C:\WINDOWS\System32\shlwapi.dll
0x00007ff971130000 - 0x00007ff97114f000 	C:\WINDOWS\SYSTEM32\profapi.dll
0x00007ff960a50000 - 0x00007ff960a6a000 	C:\Program Files\Android\Android Studio\jre\bin\net.dll
0x00007ff969c00000 - 0x00007ff969d0a000 	C:\WINDOWS\SYSTEM32\WINHTTP.dll
0x00007ff970960000 - 0x00007ff9709ca000 	C:\WINDOWS\system32\mswsock.dll
0x00007ff9499d0000 - 0x00007ff9499e4000 	C:\Program Files\Android\Android Studio\jre\bin\nio.dll
0x00007ff9150c0000 - 0x00007ff9150e7000 	C:\Users\EBarrow\.gradle\native\e1d6ef7f7dcc3fd88c89a11ec53ec762bb8ba0a96d01ffa2cd45eb1d1d8dd5c5\windows-amd64\native-platform.dll
0x00007ff8f3a20000 - 0x00007ff8f3b64000 	C:\Users\EBarrow\.gradle\native\5664cfc778a61ccfe75a443a1ab52a65af34e5dc3c78e0209fed803814484fcb\windows-amd64\native-platform-file-events.dll
0x00007ff96a9c0000 - 0x00007ff96a9ca000 	C:\Program Files\Android\Android Studio\jre\bin\management.dll
0x00007ff9499c0000 - 0x00007ff9499cd000 	C:\Program Files\Android\Android Studio\jre\bin\management_ext.dll
0x00007ff970eb0000 - 0x00007ff970ec8000 	C:\WINDOWS\SYSTEM32\CRYPTSP.dll
0x00007ff970290000 - 0x00007ff9702c4000 	C:\WINDOWS\system32\rsaenh.dll
0x00007ff971580000 - 0x00007ff9715a7000 	C:\WINDOWS\System32\bcrypt.dll
0x00007ff9710f0000 - 0x00007ff97111e000 	C:\WINDOWS\SYSTEM32\USERENV.dll
0x00007ff970af0000 - 0x00007ff970afc000 	C:\WINDOWS\SYSTEM32\CRYPTBASE.dll
0x00007ff970620000 - 0x00007ff97065b000 	C:\WINDOWS\SYSTEM32\IPHLPAPI.DLL
0x00007ff972070000 - 0x00007ff972078000 	C:\WINDOWS\System32\NSI.dll
0x00007ff969770000 - 0x00007ff969787000 	C:\WINDOWS\SYSTEM32\dhcpcsvc6.DLL
0x00007ff969750000 - 0x00007ff96976d000 	C:\WINDOWS\SYSTEM32\dhcpcsvc.DLL
0x00007ff970670000 - 0x00007ff97073b000 	C:\WINDOWS\SYSTEM32\DNSAPI.dll

dbghelp: loaded successfully - version: 4.0.5 - missing functions: none
symbol engine: initialized successfully - sym options: 0x614 - pdb path: .;C:\Program Files\Android\Android Studio\jre\bin;C:\WINDOWS\SYSTEM32;C:\WINDOWS\WinSxS\amd64_microsoft.windows.common-controls_6595b64144ccf1df_6.0.19041.1110_none_60b5254171f9507e;C:\Program Files\Android\Android Studio\jre\bin\server;C:\Users\EBarrow\.gradle\native\e1d6ef7f7dcc3fd88c89a11ec53ec762bb8ba0a96d01ffa2cd45eb1d1d8dd5c5\windows-amd64;C:\Users\EBarrow\.gradle\native\5664cfc778a61ccfe75a443a1ab52a65af34e5dc3c78e0209fed803814484fcb\windows-amd64

VM Arguments:
jvm_args: --add-opens=java.base/java.util=ALL-UNNAMED --add-opens=java.base/java.lang=ALL-UNNAMED --add-opens=java.base/java.lang.invoke=ALL-UNNAMED --add-opens=java.base/java.util=ALL-UNNAMED --add-opens=java.prefs/java.util.prefs=ALL-UNNAMED --add-opens=java.prefs/java.util.prefs=ALL-UNNAMED --add-opens=java.base/java.nio.charset=ALL-UNNAMED --add-opens=java.base/java.net=ALL-UNNAMED --add-opens=java.base/java.util.concurrent.atomic=ALL-UNNAMED -Xmx2048m -Dfile.encoding=UTF-8 -Duser.country=US -Duser.language=en -Duser.variant 
java_command: org.gradle.launcher.daemon.bootstrap.GradleDaemon 7.2
java_class_path (initial): C:\Users\EBarrow\.gradle\wrapper\dists\gradle-7.2-bin\2dnblmf4td7x66yl1d74lt32g\gradle-7.2\lib\gradle-launcher-7.2.jar
Launcher Type: SUN_STANDARD

[Global flags]
     intx CICompilerCount                          = 3                                         {product} {ergonomic}
     uint ConcGCThreads                            = 1                                         {product} {ergonomic}
     uint G1ConcRefinementThreads                  = 4                                         {product} {ergonomic}
   size_t G1HeapRegionSize                         = 1048576                                   {product} {ergonomic}
    uintx GCDrainStackTargetSize                   = 64                                        {product} {ergonomic}
   size_t InitialHeapSize                          = 125829120                                 {product} {ergonomic}
   size_t MarkStackSize                            = 4194304                                   {product} {ergonomic}
   size_t MaxHeapSize                              = 2147483648                                {product} {command line}
   size_t MaxNewSize                               = 1287651328                                {product} {ergonomic}
   size_t MinHeapDeltaBytes                        = 1048576                                   {product} {ergonomic}
    uintx NonNMethodCodeHeapSize                   = 5830732                                {pd product} {ergonomic}
    uintx NonProfiledCodeHeapSize                  = 122913754                              {pd product} {ergonomic}
    uintx ProfiledCodeHeapSize                     = 122913754                              {pd product} {ergonomic}
    uintx ReservedCodeCacheSize                    = 251658240                              {pd product} {ergonomic}
     bool SegmentedCodeCache                       = true                                      {product} {ergonomic}
     bool UseCompressedClassPointers               = true                                 {lp64_product} {ergonomic}
     bool UseCompressedOops                        = true                                 {lp64_product} {ergonomic}
     bool UseG1GC                                  = true                                      {product} {ergonomic}
     bool UseLargePagesIndividualAllocation        = false                                  {pd product} {ergonomic}

Logging:
Log output configuration:
 #0: stdout all=warning uptime,level,tags
 #1: stderr all=off uptime,level,tags

Environment Variables:
JAVA_HOME=C:\Program Files\Java\jdk-17
PATH=C:\sqlite3;C:\Program Files\Java\jdk-17\bin;C:\Users\EBarrow\AppData\Local\Programs\Python\Python38\Scripts\;C:\Users\EBarrow\AppData\Local\Programs\Python\Python38\;C:\Program Files\Intel\WiFi\bin\;C:\Program Files\Common Files\Intel\WirelessCommon\;C:\Users\EBarrow\AppData\Local\Microsoft\WindowsApps;C:\Users\EBarrow\AppData\Local\Programs\Microsoft VS Code\bin;C:\Program Files\JetBrains\PyCharm Community Edition 2019.3.4\bin;;C:\Users\EBarrow\AppData\Local\GitHubDesktop\bin
USERNAME=EBarrow
OS=Windows_NT
PROCESSOR_IDENTIFIER=Intel64 Family 6 Model 78 Stepping 3, GenuineIntel



---------------  S Y S T E M  ---------------

OS: Windows 10 , 64 bit Build 19041 (10.0.19041.1645)
OS uptime: 17 days 16:48 hours
Hyper-V role detected

CPU:total 4 (initial active 4) (2 cores per cpu, 2 threads per core) family 6 model 78 stepping 3 microcode 0xcc, cmov, cx8, fxsr, mmx, sse, sse2, sse3, ssse3, sse4.1, sse4.2, popcnt, avx, avx2, aes, clmul, erms, rtm, 3dnowpref, lzcnt, ht, tsc, tscinvbit, bmi1, bmi2, adx, fma

Memory: 4k page, system-wide physical 7603M (734M free)
TotalPageFile size 29114M (AvailPageFile size 31M)
current process WorkingSet (physical memory assigned to process): 209M, peak: 209M
current process commit charge ("private bytes"): 294M, peak: 295M

vm_info: OpenJDK 64-Bit Server VM (11.0.11+9-b60-7590822) for windows-amd64 JRE (11.0.11+9-b60-7590822), built on Jul 29 2021 21:43:44 by "builder" with MS VC++ 14.0 (VS2015)

END.
